<?xml version="1.0" encoding="UTF-8"?>
<testsuite name="net.driftverse.dispatch.buffer_tests.DelayTest" tests="1" skipped="0" failures="0" errors="0" timestamp="2022-03-05T07:49:07" hostname="Mystery-Book.local" time="0.004">
  <properties/>
  <testcase name="inDelay" classname="net.driftverse.dispatch.buffer_tests.DelayTest" time="0.004"/>
  <system-out><![CDATA[]]></system-out>
  <system-err><![CDATA[]]></system-err>
</testsuite>
